This is pdfTeX, Version 3.141592653-2.6-1.40.22 (TeX Live 2021) (preloaded format=pdflatex 2021.9.6)  5 APR 2022 14:10
entering extended mode
 restricted \write18 enabled.
 %&-line parsing enabled.
**2D_domain_ky.tex
(./2D_domain_ky.tex
LaTeX2e <2020-10-01> patch level 4
L3 programming layer <2021-02-18>)
! Emergency stop.
<*> 2D_domain_ky.tex
                    
*** (job aborted, no legal \end found)

 
Here is how much of TeX's memory you used:
 29 strings out of 478994
 557 string characters out of 5858185
 285592 words of memory out of 5000000
 17615 multiletter control sequences out of 15000+600000
 403430 words of font info for 27 fonts, out of 8000000 for 9000
 1141 hyphenation exceptions out of 8191
 13i,0n,15p,122b,10s stack positions out of 5000i,500n,10000p,200000b,80000s
!  ==> Fatal error occurred, no output PDF file produced!
