This is XeTeX, Version 3.141592653-2.6-0.999993 (TeX Live 2021) (preloaded format=xelatex 2021.9.6)  17 APR 2022 20:09
entering extended mode
 restricted \write18 enabled.
 %&-line parsing enabled.
**commands.tex
(./commands.tex
LaTeX2e <2020-10-01> patch level 4
L3 programming layer <2021-02-18>

! LaTeX Error: Command \proofname undefined.

See the LaTeX manual or LaTeX Companion for explanation.
Type  H <return>  for immediate help.
 ...                                              
                                                  
l.9 \renewcommand{\proofname}
                             {\rm\bf{\oldproofname}} %makes proof bold rathe...

Try typing  <return>  to proceed.
If that doesn't work, type  X <return>  to quit.


! LaTeX Error: Command \qedsymbol undefined.

See the LaTeX manual or LaTeX Companion for explanation.
Type  H <return>  for immediate help.
 ...                                              
                                                  
l.10 \renewcommand{\qedsymbol}
                              {$\blacksquare$}  %makes \qed solid
Try typing  <return>  to proceed.
If that doesn't work, type  X <return>  to quit.


! LaTeX Error: No counter 'MaxMatrixCols' defined.

See the LaTeX manual or LaTeX Companion for explanation.
Type  H <return>  for immediate help.
 ...                                              
                                                  
l.14 \setcounter{MaxMatrixCols}{20}
                                    %extend largest matrix
Your command was ignored.
Type  I <command> <return>  to replace it with another command,
or  <return>  to continue without it.


! LaTeX Error: Command \quote undefined.

See the LaTeX manual or LaTeX Companion for explanation.
Type  H <return>  for immediate help.
 ...                                              
                                                  
l.21 \renewcommand{\quote}
                          [1]{``#1"}
Try typing  <return>  to proceed.
If that doesn't work, type  X <return>  to quit.

\c@total=\count175
\c@xc=\count176
\c@yc=\count177
\c@zc=\count178
)
! Emergency stop.
<*> commands.tex
                
*** (job aborted, no legal \end found)

 
Here is how much of TeX's memory you used:
 139 strings out of 476919
 932 string characters out of 5821841
 295518 words of memory out of 5000000
 20243 multiletter control sequences out of 15000+600000
 403430 words of font info for 27 fonts, out of 8000000 for 9000
 1348 hyphenation exceptions out of 8191
 12i,0n,15p,168b,14s stack positions out of 5000i,500n,10000p,200000b,80000s
No pages of output.
